<?xml version="1.0" encoding="UTF-8"?>
<testng-results skipped="1" failed="0" ignored="1" total="2" passed="0">
  <reporter-output>
  </reporter-output>
  <suite name="Default suite" duration-ms="188" started-at="2022-05-29T19:29:58 IST" finished-at="2022-05-29T19:29:58 IST">
    <groups>
    </groups>
    <test name="Default test" duration-ms="188" started-at="2022-05-29T19:29:58 IST" finished-at="2022-05-29T19:29:58 IST">
      <class name="testClasses.VerifyActitimeHeades">
        <test-method status="FAIL" signature="launchBrowser(java.lang.String)[pri:0, instance:testClasses.VerifyActitimeHeades@327514f]" name="launchBrowser" is-config="true" duration-ms="-1653832798067" started-at="2022-05-29T19:29:58 IST" finished-at="1970-01-01T05:30:00 IST">
          <exception class="org.testng.TestNGException">
            <message>
              <![CDATA[
Parameter 'browsrName' is required by BeforeTest on method launchBrowser but has not been marked @Optional or defined
in C:\Users\Akash\AppData\Local\Temp\testng-eclipse--1676268182\testng-customsuite.xml]]>
            </message>
            <full-stacktrace>
              <![CDATA[org.testng.TestNGException: 
Parameter 'browsrName' is required by BeforeTest on method launchBrowser but has not been marked @Optional or defined
in C:\Users\Akash\AppData\Local\Temp\testng-eclipse--1676268182\testng-customsuite.xml
at org.testng.internal.Parameters.createParams(Parameters.java:268)
at org.testng.internal.Parameters.createParametersForMethod(Parameters.java:356)
at org.testng.internal.Parameters.createParameters(Parameters.java:700)
at org.testng.internal.Parameters.createConfigurationParameters(Parameters.java:166)
at org.testng.internal.ConfigInvoker.invokeConfigurations(ConfigInvoker.java:301)
at org.testng.TestRunner.invokeTestConfigurations(TestRunner.java:617)
at org.testng.TestRunner.beforeRun(TestRunner.java:607)
at org.testng.TestRunner.run(TestRunner.java:578)
at org.testng.SuiteRunner.runTest(SuiteRunner.java:384)
at org.testng.SuiteRunner.runSequentially(SuiteRunner.java:378)
at org.testng.SuiteRunner.privateRun(SuiteRunner.java:337)
at org.testng.SuiteRunner.run(SuiteRunner.java:286)
at org.testng.SuiteRunnerWorker.runSuite(SuiteRunnerWorker.java:53)
at org.testng.SuiteRunnerWorker.run(SuiteRunnerWorker.java:96)
at org.testng.TestNG.runSuitesSequentially(TestNG.java:1218)
at org.testng.TestNG.runSuitesLocally(TestNG.java:1140)
at org.testng.TestNG.runSuites(TestNG.java:1069)
at org.testng.TestNG.run(TestNG.java:1037)
at org.testng.remote.AbstractRemoteTestNG.run(AbstractRemoteTestNG.java:115)
at org.testng.remote.RemoteTestNG.initAndRun(RemoteTestNG.java:251)
at org.testng.remote.RemoteTestNG.main(RemoteTestNG.java:77)
]]>
            </full-stacktrace>
          </exception> <!-- org.testng.TestNGException -->
          <reporter-output>
          </reporter-output>
        </test-method> <!-- launchBrowser -->
        <test-method status="SKIP" signature="createPOMObject()[pri:0, instance:testClasses.VerifyActitimeHeades@327514f]" name="createPOMObject" is-config="true" duration-ms="-1653832798146" started-at="2022-05-29T19:29:58 IST" finished-at="1970-01-01T05:30:00 IST">
          <reporter-output>
          </reporter-output>
        </test-method> <!-- createPOMObject -->
        <test-method status="SKIP" signature="loginToApplication()[pri:0, instance:testClasses.VerifyActitimeHeades@327514f]" name="loginToApplication" is-config="true" duration-ms="-1653832798194" started-at="2022-05-29T19:29:58 IST" finished-at="1970-01-01T05:30:00 IST">
          <reporter-output>
          </reporter-output>
        </test-method> <!-- loginToApplication -->
        <test-method status="SKIP" signature="verifyTaskTab()[pri:0, instance:testClasses.VerifyActitimeHeades@327514f]" name="verifyTaskTab" duration-ms="0" started-at="2022-05-29T19:29:58 IST" finished-at="2022-05-29T19:29:58 IST">
          <exception class="org.testng.TestNGException">
            <message>
              <![CDATA[
Parameter 'browsrName' is required by BeforeTest on method launchBrowser but has not been marked @Optional or defined
in C:\Users\Akash\AppData\Local\Temp\testng-eclipse--1676268182\testng-customsuite.xml]]>
            </message>
            <full-stacktrace>
              <![CDATA[org.testng.TestNGException: 
Parameter 'browsrName' is required by BeforeTest on method launchBrowser but has not been marked @Optional or defined
in C:\Users\Akash\AppData\Local\Temp\testng-eclipse--1676268182\testng-customsuite.xml
at org.testng.internal.Parameters.createParams(Parameters.java:268)
at org.testng.internal.Parameters.createParametersForMethod(Parameters.java:356)
at org.testng.internal.Parameters.createParameters(Parameters.java:700)
at org.testng.internal.Parameters.createConfigurationParameters(Parameters.java:166)
at org.testng.internal.ConfigInvoker.invokeConfigurations(ConfigInvoker.java:301)
at org.testng.TestRunner.invokeTestConfigurations(TestRunner.java:617)
at org.testng.TestRunner.beforeRun(TestRunner.java:607)
at org.testng.TestRunner.run(TestRunner.java:578)
at org.testng.SuiteRunner.runTest(SuiteRunner.java:384)
at org.testng.SuiteRunner.runSequentially(SuiteRunner.java:378)
at org.testng.SuiteRunner.privateRun(SuiteRunner.java:337)
at org.testng.SuiteRunner.run(SuiteRunner.java:286)
at org.testng.SuiteRunnerWorker.runSuite(SuiteRunnerWorker.java:53)
at org.testng.SuiteRunnerWorker.run(SuiteRunnerWorker.java:96)
at org.testng.TestNG.runSuitesSequentially(TestNG.java:1218)
at org.testng.TestNG.runSuitesLocally(TestNG.java:1140)
at org.testng.TestNG.runSuites(TestNG.java:1069)
at org.testng.TestNG.run(TestNG.java:1037)
at org.testng.remote.AbstractRemoteTestNG.run(AbstractRemoteTestNG.java:115)
at org.testng.remote.RemoteTestNG.initAndRun(RemoteTestNG.java:251)
at org.testng.remote.RemoteTestNG.main(RemoteTestNG.java:77)
]]>
            </full-stacktrace>
          </exception> <!-- org.testng.TestNGException -->
          <reporter-output>
          </reporter-output>
        </test-method> <!-- verifyTaskTab -->
        <test-method status="SKIP" signature="lougoutFromApplication(org.testng.ITestResult)[pri:0, instance:testClasses.VerifyActitimeHeades@327514f]" name="lougoutFromApplication" is-config="true" duration-ms="-1653832798213" started-at="2022-05-29T19:29:58 IST" finished-at="1970-01-01T05:30:00 IST">
          <reporter-output>
          </reporter-output>
        </test-method> <!-- lougoutFromApplication -->
        <test-method status="SKIP" signature="clearObject()[pri:0, instance:testClasses.VerifyActitimeHeades@327514f]" name="clearObject" is-config="true" duration-ms="-1653832798218" started-at="2022-05-29T19:29:58 IST" finished-at="1970-01-01T05:30:00 IST">
          <reporter-output>
          </reporter-output>
        </test-method> <!-- clearObject -->
        <test-method status="SKIP" signature="closedBrowser()[pri:0, instance:testClasses.VerifyActitimeHeades@327514f]" name="closedBrowser" is-config="true" duration-ms="-1653832798234" started-at="2022-05-29T19:29:58 IST" finished-at="1970-01-01T05:30:00 IST">
          <reporter-output>
          </reporter-output>
        </test-method> <!-- closedBrowser -->
      </class> <!-- testClasses.VerifyActitimeHeades -->
    </test> <!-- Default test -->
  </suite> <!-- Default suite -->
</testng-results>
